[0901/171755.212:ERROR:process_reader_win.cc(151)] SuspendThread: Acesso negado. (0x5)
[0901/171755.213:ERROR:exception_snapshot_win.cc(98)] thread ID 16112 not found in process
[0901/171755.213:ERROR:scoped_process_suspend.cc(40)] NtResumeProcess: Tentou-se acessar um processo de saída. (0xc000010a)
[0902/134442.376:ERROR:process_memory_win.cc(73)] ReadMemory at 0x2e231d0ba90 of 72 bytes failed: Somente uma parte de um pedido ReadProcessMemory ou WriteProcessMemory foi concluída. (0x12B)
[0902/134442.377:WARNING:pe_image_annotations_reader.cc(135)] could not read annotations list object in C:\Program Files (x86)\Google\Chrome\Application\85.0.4183.83\chrome_elf.dll
[0902/134442.378:ERROR:process_memory_win.cc(73)] ReadMemory at 0x7ffaebab0000 of 64 bytes failed: Somente uma parte de um pedido ReadProcessMemory ou WriteProcessMemory foi concluída. (0x12B)
[0902/134442.378:WARNING:pe_image_reader.cc(340)] could not read dos header from C:\Program Files (x86)\Google\Chrome\Application\85.0.4183.83\chrome.dll
[0902/134442.380:ERROR:process_memory_win.cc(73)] ReadMemory at 0x7ff60c270000 of 64 bytes failed: Somente uma parte de um pedido ReadProcessMemory ou WriteProcessMemory foi concluída. (0x12B)
[0902/134442.380:WARNING:pe_image_reader.cc(340)] could not read dos header from C:\Program Files (x86)\Google\Chrome\Application\chrome.exe
[0902/134442.380:ERROR:process_memory_win.cc(73)] ReadMemory at 0x2e231d0ba90 of 72 bytes failed: Somente uma parte de um pedido ReadProcessMemory ou WriteProcessMemory foi concluída. (0x12B)
[0902/134442.380:WARNING:pe_image_annotations_reader.cc(135)] could not read annotations list object in C:\Program Files (x86)\Google\Chrome\Application\85.0.4183.83\chrome_elf.dll
[0902/134442.380:ERROR:process_memory_win.cc(73)] ReadMemory at 0x7ffaebab0000 of 64 bytes failed: Somente uma parte de um pedido ReadProcessMemory ou WriteProcessMemory foi concluída. (0x12B)
[0902/134442.380:WARNING:pe_image_reader.cc(340)] could not read dos header from C:\Program Files (x86)\Google\Chrome\Application\85.0.4183.83\chrome.dll
[0902/134442.404:ERROR:process_memory_win.cc(73)] ReadMemory at 0xe8937f5000 of 45056 bytes failed: Somente uma parte de um pedido ReadProcessMemory ou WriteProcessMemory foi concluída. (0x12B)
[0902/134442.404:ERROR:process_memory_win.cc(73)] ReadMemory at 0xe893ffd000 of 12288 bytes failed: Somente uma parte de um pedido ReadProcessMemory ou WriteProcessMemory foi concluída. (0x12B)
[0902/134442.404:ERROR:process_memory_win.cc(73)] ReadMemory at 0xe894ffd000 of 12288 bytes failed: Somente uma parte de um pedido ReadProcessMemory ou WriteProcessMemory foi concluída. (0x12B)
[0902/134442.405:ERROR:process_memory_win.cc(73)] ReadMemory at 0xe8957fb000 of 20480 bytes failed: Somente uma parte de um pedido ReadProcessMemory ou WriteProcessMemory foi concluída. (0x12B)
[0902/134442.405:ERROR:process_memory_win.cc(73)] ReadMemory at 0xe895fff000 of 4096 bytes failed: Somente uma parte de um pedido ReadProcessMemory ou WriteProcessMemory foi concluída. (0x12B)
[0902/134442.405:ERROR:process_memory_win.cc(73)] ReadMemory at 0xe8967fd000 of 12288 bytes failed: Somente uma parte de um pedido ReadProcessMemory ou WriteProcessMemory foi concluída. (0x12B)
[0902/134442.405:ERROR:process_memory_win.cc(73)] ReadMemory at 0xe896ffc000 of 16384 bytes failed: Somente uma parte de um pedido ReadProcessMemory ou WriteProcessMemory foi concluída. (0x12B)
[0902/134442.405:ERROR:process_memory_win.cc(73)] ReadMemory at 0xe897ffd000 of 12288 bytes failed: Somente uma parte de um pedido ReadProcessMemory ou WriteProcessMemory foi concluída. (0x12B)
[0902/134442.406:ERROR:process_memory_win.cc(73)] ReadMemory at 0xe8987fd000 of 12288 bytes failed: Somente uma parte de um pedido ReadProcessMemory ou WriteProcessMemory foi concluída. (0x12B)
[0902/134442.406:ERROR:process_memory_win.cc(73)] ReadMemory at 0xe898ffd000 of 12288 bytes failed: Somente uma parte de um pedido ReadProcessMemory ou WriteProcessMemory foi concluída. (0x12B)
[0902/134442.406:ERROR:process_memory_win.cc(73)] ReadMemory at 0xe8997fd000 of 12288 bytes failed: Somente uma parte de um pedido ReadProcessMemory ou WriteProcessMemory foi concluída. (0x12B)
[0902/134442.406:ERROR:process_memory_win.cc(73)] ReadMemory at 0xe899ffd000 of 12288 bytes failed: Somente uma parte de um pedido ReadProcessMemory ou WriteProcessMemory foi concluída. (0x12B)
[0902/134442.406:ERROR:process_memory_win.cc(73)] ReadMemory at 0xe89a7fd000 of 12288 bytes failed: Somente uma parte de um pedido ReadProcessMemory ou WriteProcessMemory foi concluída. (0x12B)
[0902/134442.407:ERROR:process_memory_win.cc(73)] ReadMemory at 0xe89c7fd000 of 12288 bytes failed: Somente uma parte de um pedido ReadProcessMemory ou WriteProcessMemory foi concluída. (0x12B)
[0902/134442.407:ERROR:process_memory_win.cc(73)] ReadMemory at 0xe8947fd000 of 12288 bytes failed: Somente uma parte de um pedido ReadProcessMemory ou WriteProcessMemory foi concluída. (0x12B)
[0902/134442.407:ERROR:process_memory_win.cc(73)] ReadMemory at 0xe892ef8000 of 852 bytes failed: Somente uma parte de um pedido ReadProcessMemory ou WriteProcessMemory foi concluída. (0x12B)
[0902/134442.407:ERROR:process_memory_win.cc(73)] ReadMemory at 0xe892ef9000 of 6024 bytes failed: Somente uma parte de um pedido ReadProcessMemory ou WriteProcessMemory foi concluída. (0x12B)
[0902/134442.407:ERROR:process_memory_win.cc(73)] ReadMemory at 0xe892efb000 of 6024 bytes failed: Somente uma parte de um pedido ReadProcessMemory ou WriteProcessMemory foi concluída. (0x12B)
[0902/134442.407:ERROR:process_memory_win.cc(73)] ReadMemory at 0xe892eff000 of 6024 bytes failed: Somente uma parte de um pedido ReadProcessMemory ou WriteProcessMemory foi concluída. (0x12B)
[0902/134442.408:ERROR:process_memory_win.cc(73)] ReadMemory at 0xe892f01000 of 6024 bytes failed: Somente uma parte de um pedido ReadProcessMemory ou WriteProcessMemory foi concluída. (0x12B)
[0902/134442.408:ERROR:process_memory_win.cc(73)] ReadMemory at 0xe892f03000 of 6024 bytes failed: Somente uma parte de um pedido ReadProcessMemory ou WriteProcessMemory foi concluída. (0x12B)
[0902/134442.408:ERROR:process_memory_win.cc(73)] ReadMemory at 0xe892f05000 of 6024 bytes failed: Somente uma parte de um pedido ReadProcessMemory ou WriteProcessMemory foi concluída. (0x12B)
[0902/134442.408:ERROR:process_memory_win.cc(73)] ReadMemory at 0xe892f07000 of 6024 bytes failed: Somente uma parte de um pedido ReadProcessMemory ou WriteProcessMemory foi concluída. (0x12B)
[0902/134442.408:ERROR:process_memory_win.cc(73)] ReadMemory at 0xe892f0b000 of 6024 bytes failed: Somente uma parte de um pedido ReadProcessMemory ou WriteProcessMemory foi concluída. (0x12B)
[0902/134442.408:ERROR:process_memory_win.cc(73)] ReadMemory at 0xe892f0d000 of 6024 bytes failed: Somente uma parte de um pedido ReadProcessMemory ou WriteProcessMemory foi concluída. (0x12B)
[0902/134442.409:ERROR:process_memory_win.cc(73)] ReadMemory at 0xe892f0f000 of 6024 bytes failed: Somente uma parte de um pedido ReadProcessMemory ou WriteProcessMemory foi concluída. (0x12B)
[0902/134442.411:ERROR:process_memory_win.cc(73)] ReadMemory at 0xe892f11000 of 6024 bytes failed: Somente uma parte de um pedido ReadProcessMemory ou WriteProcessMemory foi concluída. (0x12B)
[0902/134442.413:ERROR:process_memory_win.cc(73)] ReadMemory at 0xe892f13000 of 6024 bytes failed: Somente uma parte de um pedido ReadProcessMemory ou WriteProcessMemory foi concluída. (0x12B)
[0902/134442.413:ERROR:process_memory_win.cc(73)] ReadMemory at 0xe892f15000 of 6024 bytes failed: Somente uma parte de um pedido ReadProcessMemory ou WriteProcessMemory foi concluída. (0x12B)
[0902/134442.413:ERROR:process_memory_win.cc(73)] ReadMemory at 0xe892f1d000 of 6024 bytes failed: Somente uma parte de um pedido ReadProcessMemory ou WriteProcessMemory foi concluída. (0x12B)
[0902/134442.413:ERROR:process_memory_win.cc(73)] ReadMemory at 0xe892f23000 of 6024 bytes failed: Somente uma parte de um pedido ReadProcessMemory ou WriteProcessMemory foi concluída. (0x12B)
[0902/134442.414:ERROR:process_memory_win.cc(73)] ReadMemory at 0x2e231d00fe0 of 5374 bytes failed: Somente uma parte de um pedido ReadProcessMemory ou WriteProcessMemory foi concluída. (0x12B)
[0902/134442.415:ERROR:process_memory_win.cc(73)] ReadMemory at 0x2e231d024f0 of 1012 bytes failed: Somente uma parte de um pedido ReadProcessMemory ou WriteProcessMemory foi concluída. (0x12B)
[0902/134442.415:ERROR:process_memory_win.cc(73)] ReadMemory at 0x2e231d02b38 of 118 bytes failed: Somente uma parte de um pedido ReadProcessMemory ou WriteProcessMemory foi concluída. (0x12B)
[0902/134442.415:ERROR:process_memory_win.cc(73)] ReadMemory at 0x2e231d02bb0 of 1226 bytes failed: Somente uma parte de um pedido ReadProcessMemory ou WriteProcessMemory foi concluída. (0x12B)
[0902/134442.416:ERROR:process_memory_win.cc(73)] ReadMemory at 0x2e231d0307c of 118 bytes failed: Somente uma parte de um pedido ReadProcessMemory ou WriteProcessMemory foi concluída. (0x12B)
[0902/134442.416:ERROR:process_memory_win.cc(73)] ReadMemory at 0x2e231d030f4 of 102 bytes failed: Somente uma parte de um pedido ReadProcessMemory ou WriteProcessMemory foi concluída. (0x12B)
[0902/134442.416:ERROR:process_memory_win.cc(73)] ReadMemory at 0x2e231d03170 of 58 bytes failed: Somente uma parte de um pedido ReadProcessMemory ou WriteProcessMemory foi concluída. (0x12B)
[0902/134442.416:ERROR:process_memory_win.cc(73)] ReadMemory at 0x2e231d03270 of 132 bytes failed: Somente uma parte de um pedido ReadProcessMemory ou WriteProcessMemory foi concluída. (0x12B)
[0902/134442.416:ERROR:process_memory_win.cc(73)] ReadMemory at 0x2e231d03400 of 132 bytes failed: Somente uma parte de um pedido ReadProcessMemory ou WriteProcessMemory foi concluída. (0x12B)
[0902/134442.416:ERROR:process_memory_win.cc(73)] ReadMemory at 0x2e231d035c0 of 124 bytes failed: Somente uma parte de um pedido ReadProcessMemory ou WriteProcessMemory foi concluída. (0x12B)
[0902/134442.417:ERROR:process_memory_win.cc(73)] ReadMemory at 0x2e231d039a0 of 132 bytes failed: Somente uma parte de um pedido ReadProcessMemory ou WriteProcessMemory foi concluída. (0x12B)
[0902/134442.417:ERROR:process_memory_win.cc(73)] ReadMemory at 0x2e231d03b30 of 64 bytes failed: Somente uma parte de um pedido ReadProcessMemory ou WriteProcessMemory foi concluída. (0x12B)
[0902/134442.417:ERROR:process_memory_win.cc(73)] ReadMemory at 0x2e231d03cf0 of 132 bytes failed: Somente uma parte de um pedido ReadProcessMemory ou WriteProcessMemory foi concluída. (0x12B)
[0902/134442.417:ERROR:process_memory_win.cc(73)] ReadMemory at 0x2e231d03f90 of 132 bytes failed: Somente uma parte de um pedido ReadProcessMemory ou WriteProcessMemory foi concluída. (0x12B)
[0902/134442.417:ERROR:process_memory_win.cc(73)] ReadMemory at 0x2e231d04120 of 68 bytes failed: Somente uma parte de um pedido ReadProcessMemory ou WriteProcessMemory foi concluída. (0x12B)
[0902/134442.418:ERROR:process_memory_win.cc(73)] ReadMemory at 0x2e231d052d0 of 132 bytes failed: Somente uma parte de um pedido ReadProcessMemory ou WriteProcessMemory foi concluída. (0x12B)
[0902/134442.418:ERROR:process_memory_win.cc(73)] ReadMemory at 0x2e231d05460 of 152 bytes failed: Somente uma parte de um pedido ReadProcessMemory ou WriteProcessMemory foi concluída. (0x12B)
[0902/134442.418:ERROR:process_memory_win.cc(73)] ReadMemory at 0x2e231d06240 of 62 bytes failed: Somente uma parte de um pedido ReadProcessMemory ou WriteProcessMemory foi concluída. (0x12B)
[0902/134442.418:ERROR:process_memory_win.cc(73)] ReadMemory at 0x2e231d06430 of 132 bytes failed: Somente uma parte de um pedido ReadProcessMemory ou WriteProcessMemory foi concluída. (0x12B)
[0902/134442.418:ERROR:process_memory_win.cc(73)] ReadMemory at 0x2e231d06560 of 60 bytes failed: Somente uma parte de um pedido ReadProcessMemory ou WriteProcessMemory foi concluída. (0x12B)
[0902/134442.418:ERROR:process_memory_win.cc(73)] ReadMemory at 0x2e231d0e540 of 54 bytes failed: Somente uma parte de um pedido ReadProcessMemory ou WriteProcessMemory foi concluída. (0x12B)
[0902/134442.418:ERROR:process_memory_win.cc(73)] ReadMemory at 0x2e231d0fa30 of 80 bytes failed: Somente uma parte de um pedido ReadProcessMemory ou WriteProcessMemory foi concluída. (0x12B)
[0902/134442.418:ERROR:process_memory_win.cc(73)] ReadMemory at 0x2e231d12000 of 64 bytes failed: Somente uma parte de um pedido ReadProcessMemory ou WriteProcessMemory foi concluída. (0x12B)
[0902/134442.418:ERROR:process_memory_win.cc(73)] ReadMemory at 0x2e231d12410 of 60 bytes failed: Somente uma parte de um pedido ReadProcessMemory ou WriteProcessMemory foi concluída. (0x12B)
[0902/134442.419:ERROR:process_memory_win.cc(73)] ReadMemory at 0x2e231d125a0 of 62 bytes failed: Somente uma parte de um pedido ReadProcessMemory ou WriteProcessMemory foi concluída. (0x12B)
[0902/134442.419:ERROR:process_memory_win.cc(73)] ReadMemory at 0x2e231d147a0 of 144 bytes failed: Somente uma parte de um pedido ReadProcessMemory ou WriteProcessMemory foi concluída. (0x12B)
[0902/134442.419:ERROR:process_memory_win.cc(73)] ReadMemory at 0x2e231d14db0 of 132 bytes failed: Somente uma parte de um pedido ReadProcessMemory ou WriteProcessMemory foi concluída. (0x12B)
[0902/134442.419:ERROR:process_memory_win.cc(73)] ReadMemory at 0x2e231d153b0 of 132 bytes failed: Somente uma parte de um pedido ReadProcessMemory ou WriteProcessMemory foi concluída. (0x12B)
[0902/134442.419:ERROR:process_memory_win.cc(73)] ReadMemory at 0x2e231d165e0 of 132 bytes failed: Somente uma parte de um pedido ReadProcessMemory ou WriteProcessMemory foi concluída. (0x12B)
[0902/134442.419:ERROR:process_memory_win.cc(73)] ReadMemory at 0x2e231d16800 of 132 bytes failed: Somente uma parte de um pedido ReadProcessMemory ou WriteProcessMemory foi concluída. (0x12B)
[0902/134442.419:ERROR:process_memory_win.cc(73)] ReadMemory at 0x2e231d16b60 of 132 bytes failed: Somente uma parte de um pedido ReadProcessMemory ou WriteProcessMemory foi concluída. (0x12B)
[0902/134442.419:ERROR:process_memory_win.cc(73)] ReadMemory at 0x2e231d16d70 of 132 bytes failed: Somente uma parte de um pedido ReadProcessMemory ou WriteProcessMemory foi concluída. (0x12B)
[0902/134442.419:ERROR:process_memory_win.cc(73)] ReadMemory at 0x2e231d170a0 of 132 bytes failed: Somente uma parte de um pedido ReadProcessMemory ou WriteProcessMemory foi concluída. (0x12B)
[0902/134442.419:ERROR:process_memory_win.cc(73)] ReadMemory at 0x2e231d171d0 of 132 bytes failed: Somente uma parte de um pedido ReadProcessMemory ou WriteProcessMemory foi concluída. (0x12B)
[0902/134442.420:ERROR:process_memory_win.cc(73)] ReadMemory at 0x2e231d17300 of 132 bytes failed: Somente uma parte de um pedido ReadProcessMemory ou WriteProcessMemory foi concluída. (0x12B)
[0902/134442.420:ERROR:process_memory_win.cc(73)] ReadMemory at 0x2e231d17430 of 132 bytes failed: Somente uma parte de um pedido ReadProcessMemory ou WriteProcessMemory foi concluída. (0x12B)
[0902/134442.420:ERROR:process_memory_win.cc(73)] ReadMemory at 0x2e231d17560 of 132 bytes failed: Somente uma parte de um pedido ReadProcessMemory ou WriteProcessMemory foi concluída. (0x12B)
[0902/134442.420:ERROR:process_memory_win.cc(73)] ReadMemory at 0x2e231d17690 of 132 bytes failed: Somente uma parte de um pedido ReadProcessMemory ou WriteProcessMemory foi concluída. (0x12B)
[0902/134442.420:ERROR:process_memory_win.cc(73)] ReadMemory at 0x2e231d177c0 of 132 bytes failed: Somente uma parte de um pedido ReadProcessMemory ou WriteProcessMemory foi concluída. (0x12B)
[0902/134442.420:ERROR:process_memory_win.cc(73)] ReadMemory at 0x2e231d178f0 of 132 bytes failed: Somente uma parte de um pedido ReadProcessMemory ou WriteProcessMemory foi concluída. (0x12B)
[0902/134442.420:ERROR:process_memory_win.cc(73)] ReadMemory at 0x2e231d17a20 of 132 bytes failed: Somente uma parte de um pedido ReadProcessMemory ou WriteProcessMemory foi concluída. (0x12B)
[0902/134442.420:ERROR:process_memory_win.cc(73)] ReadMemory at 0x2e231d17c80 of 132 bytes failed: Somente uma parte de um pedido ReadProcessMemory ou WriteProcessMemory foi concluída. (0x12B)
[0902/134442.420:ERROR:process_memory_win.cc(73)] ReadMemory at 0x2e231d17db0 of 132 bytes failed: Somente uma parte de um pedido ReadProcessMemory ou WriteProcessMemory foi concluída. (0x12B)
[0902/134442.421:ERROR:process_memory_win.cc(73)] ReadMemory at 0x2e231d17ee0 of 132 bytes failed: Somente uma parte de um pedido ReadProcessMemory ou WriteProcessMemory foi concluída. (0x12B)
[0902/134442.421:ERROR:process_memory_win.cc(73)] ReadMemory at 0x2e231d18e50 of 132 bytes failed: Somente uma parte de um pedido ReadProcessMemory ou WriteProcessMemory foi concluída. (0x12B)
[0902/134442.421:ERROR:process_memory_win.cc(73)] ReadMemory at 0x2e231d1b1e0 of 132 bytes failed: Somente uma parte de um pedido ReadProcessMemory ou WriteProcessMemory foi concluída. (0x12B)
[0902/134442.421:ERROR:process_memory_win.cc(73)] ReadMemory at 0x2e231d1b800 of 132 bytes failed: Somente uma parte de um pedido ReadProcessMemory ou WriteProcessMemory foi concluída. (0x12B)
[0902/134442.421:ERROR:process_memory_win.cc(73)] ReadMemory at 0x2e231d1fba0 of 62 bytes failed: Somente uma parte de um pedido ReadProcessMemory ou WriteProcessMemory foi concluída. (0x12B)
[0902/134442.422:ERROR:process_memory_win.cc(73)] ReadMemory at 0x2e231d1fbf0 of 60 bytes failed: Somente uma parte de um pedido ReadProcessMemory ou WriteProcessMemory foi concluída. (0x12B)
[0902/134442.422:ERROR:process_memory_win.cc(73)] ReadMemory at 0x2e231d1fc40 of 62 bytes failed: Somente uma parte de um pedido ReadProcessMemory ou WriteProcessMemory foi concluída. (0x12B)
[0902/134442.422:ERROR:process_memory_win.cc(73)] ReadMemory at 0x2e231d1fc90 of 64 bytes failed: Somente uma parte de um pedido ReadProcessMemory ou WriteProcessMemory foi concluída. (0x12B)
[0902/134442.422:ERROR:process_memory_win.cc(73)] ReadMemory at 0x2e231d1fce0 of 62 bytes failed: Somente uma parte de um pedido ReadProcessMemory ou WriteProcessMemory foi concluída. (0x12B)
[0902/134442.422:ERROR:process_memory_win.cc(73)] ReadMemory at 0x2e231d1fd30 of 60 bytes failed: Somente uma parte de um pedido ReadProcessMemory ou WriteProcessMemory foi concluída. (0x12B)
[0902/134442.423:ERROR:process_memory_win.cc(73)] ReadMemory at 0x2e231d1fd80 of 64 bytes failed: Somente uma parte de um pedido ReadProcessMemory ou WriteProcessMemory foi concluída. (0x12B)
[0902/134442.423:ERROR:process_memory_win.cc(73)] ReadMemory at 0x2e231d1fdd0 of 64 bytes failed: Somente uma parte de um pedido ReadProcessMemory ou WriteProcessMemory foi concluída. (0x12B)
[0902/134442.423:ERROR:process_memory_win.cc(73)] ReadMemory at 0x2e231d200f0 of 62 bytes failed: Somente uma parte de um pedido ReadProcessMemory ou WriteProcessMemory foi concluída. (0x12B)
[0902/134442.423:ERROR:process_memory_win.cc(73)] ReadMemory at 0x2e231d20140 of 62 bytes failed: Somente uma parte de um pedido ReadProcessMemory ou WriteProcessMemory foi concluída. (0x12B)
[0902/134442.424:ERROR:process_memory_win.cc(73)] ReadMemory at 0x2e231d202d0 of 62 bytes failed: Somente uma parte de um pedido ReadProcessMemory ou WriteProcessMemory foi concluída. (0x12B)
[0902/134442.424:ERROR:process_memory_win.cc(73)] ReadMemory at 0x2e231d20550 of 62 bytes failed: Somente uma parte de um pedido ReadProcessMemory ou WriteProcessMemory foi concluída. (0x12B)
[0902/134442.424:ERROR:process_memory_win.cc(73)] ReadMemory at 0x2e231d20640 of 64 bytes failed: Somente uma parte de um pedido ReadProcessMemory ou WriteProcessMemory foi concluída. (0x12B)
[0902/134442.424:ERROR:process_memory_win.cc(73)] ReadMemory at 0x2e231d20690 of 64 bytes failed: Somente uma parte de um pedido ReadProcessMemory ou WriteProcessMemory foi concluída. (0x12B)
[0902/134442.424:ERROR:process_memory_win.cc(73)] ReadMemory at 0x2e231d206e0 of 66 bytes failed: Somente uma parte de um pedido ReadProcessMemory ou WriteProcessMemory foi concluída. (0x12B)
[0902/134442.424:ERROR:process_memory_win.cc(73)] ReadMemory at 0x2e231d20730 of 60 bytes failed: Somente uma parte de um pedido ReadProcessMemory ou WriteProcessMemory foi concluída. (0x12B)
[0902/134442.424:ERROR:process_memory_win.cc(73)] ReadMemory at 0x2e231d20780 of 60 bytes failed: Somente uma parte de um pedido ReadProcessMemory ou WriteProcessMemory foi concluída. (0x12B)
[0902/134442.424:ERROR:process_memory_win.cc(73)] ReadMemory at 0x2e231d207d0 of 62 bytes failed: Somente uma parte de um pedido ReadProcessMemory ou WriteProcessMemory foi concluída. (0x12B)
[0902/134442.425:ERROR:process_memory_win.cc(73)] ReadMemory at 0x2e231d20820 of 64 bytes failed: Somente uma parte de um pedido ReadProcessMemory ou WriteProcessMemory foi concluída. (0x12B)
[0902/134442.425:ERROR:process_memory_win.cc(73)] ReadMemory at 0x2e231d208c0 of 58 bytes failed: Somente uma parte de um pedido ReadProcessMemory ou WriteProcessMemory foi concluída. (0x12B)
[0902/134442.425:ERROR:process_memory_win.cc(73)] ReadMemory at 0x2e231d20910 of 60 bytes failed: Somente uma parte de um pedido ReadProcessMemory ou WriteProcessMemory foi concluída. (0x12B)
[0902/134442.425:ERROR:process_memory_win.cc(73)] ReadMemory at 0x2e231d20960 of 66 bytes failed: Somente uma parte de um pedido ReadProcessMemory ou WriteProcessMemory foi concluída. (0x12B)
[0902/134442.425:ERROR:process_memory_win.cc(73)] ReadMemory at 0x2e231d20a00 of 62 bytes failed: Somente uma parte de um pedido ReadProcessMemory ou WriteProcessMemory foi concluída. (0x12B)
[0902/134442.425:ERROR:process_memory_win.cc(73)] ReadMemory at 0x2e231d20a50 of 64 bytes failed: Somente uma parte de um pedido ReadProcessMemory ou WriteProcessMemory foi concluída. (0x12B)
[0902/134442.426:ERROR:process_memory_win.cc(73)] ReadMemory at 0x2e231d20ce0 of 132 bytes failed: Somente uma parte de um pedido ReadProcessMemory ou WriteProcessMemory foi concluída. (0x12B)
[0902/134442.426:ERROR:process_memory_win.cc(73)] ReadMemory at 0x2e231d21050 of 80 bytes failed: Somente uma parte de um pedido ReadProcessMemory ou WriteProcessMemory foi concluída. (0x12B)
[0902/134442.426:ERROR:process_memory_win.cc(73)] ReadMemory at 0x2e231d210b0 of 76 bytes failed: Somente uma parte de um pedido ReadProcessMemory ou WriteProcessMemory foi concluída. (0x12B)
[0902/134442.426:ERROR:process_memory_win.cc(73)] ReadMemory at 0x2e231d22310 of 132 bytes failed: Somente uma parte de um pedido ReadProcessMemory ou WriteProcessMemory foi concluída. (0x12B)
[0902/134442.426:ERROR:process_memory_win.cc(73)] ReadMemory at 0x2e231d22440 of 132 bytes failed: Somente uma parte de um pedido ReadProcessMemory ou WriteProcessMemory foi concluída. (0x12B)
[0902/134442.426:ERROR:process_memory_win.cc(73)] ReadMemory at 0x2e231d22570 of 132 bytes failed: Somente uma parte de um pedido ReadProcessMemory ou WriteProcessMemory foi concluída. (0x12B)
[0902/134442.426:ERROR:process_memory_win.cc(73)] ReadMemory at 0x2e231d226a0 of 132 bytes failed: Somente uma parte de um pedido ReadProcessMemory ou WriteProcessMemory foi concluída. (0x12B)
[0902/134442.427:ERROR:process_memory_win.cc(73)] ReadMemory at 0x2e231d227d0 of 132 bytes failed: Somente uma parte de um pedido ReadProcessMemory ou WriteProcessMemory foi concluída. (0x12B)
[0902/134442.427:ERROR:process_memory_win.cc(73)] ReadMemory at 0x2e231d22900 of 132 bytes failed: Somente uma parte de um pedido ReadProcessMemory ou WriteProcessMemory foi concluída. (0x12B)
[0902/134442.427:ERROR:process_memory_win.cc(73)] ReadMemory at 0x2e231d22b60 of 132 bytes failed: Somente uma parte de um pedido ReadProcessMemory ou WriteProcessMemory foi concluída. (0x12B)
[0902/134442.427:ERROR:process_memory_win.cc(73)] ReadMemory at 0x2e231d22c90 of 132 bytes failed: Somente uma parte de um pedido ReadProcessMemory ou WriteProcessMemory foi concluída. (0x12B)
[0902/134442.427:ERROR:process_memory_win.cc(73)] ReadMemory at 0x2e231d22dc0 of 132 bytes failed: Somente uma parte de um pedido ReadProcessMemory ou WriteProcessMemory foi concluída. (0x12B)
[0902/134442.427:ERROR:process_memory_win.cc(73)] ReadMemory at 0x2e231d22ef0 of 132 bytes failed: Somente uma parte de um pedido ReadProcessMemory ou WriteProcessMemory foi concluída. (0x12B)
[0902/134442.427:ERROR:process_memory_win.cc(73)] ReadMemory at 0x2e231d23020 of 132 bytes failed: Somente uma parte de um pedido ReadProcessMemory ou WriteProcessMemory foi concluída. (0x12B)
[0902/134442.427:ERROR:process_memory_win.cc(73)] ReadMemory at 0x2e231d23150 of 132 bytes failed: Somente uma parte de um pedido ReadProcessMemory ou WriteProcessMemory foi concluída. (0x12B)
[0902/134442.428:ERROR:process_memory_win.cc(73)] ReadMemory at 0x2e231d23280 of 132 bytes failed: Somente uma parte de um pedido ReadProcessMemory ou WriteProcessMemory foi concluída. (0x12B)
[0902/134442.428:ERROR:process_memory_win.cc(73)] ReadMemory at 0x2e231d234e0 of 132 bytes failed: Somente uma parte de um pedido ReadProcessMemory ou WriteProcessMemory foi concluída. (0x12B)
[0902/134442.428:ERROR:process_memory_win.cc(73)] ReadMemory at 0x2e231d23610 of 132 bytes failed: Somente uma parte de um pedido ReadProcessMemory ou WriteProcessMemory foi concluída. (0x12B)
[0902/134442.428:ERROR:process_memory_win.cc(73)] ReadMemory at 0x2e231d23740 of 132 bytes failed: Somente uma parte de um pedido ReadProcessMemory ou WriteProcessMemory foi concluída. (0x12B)
[0902/134442.428:ERROR:process_memory_win.cc(73)] ReadMemory at 0x2e231d239a0 of 132 bytes failed: Somente uma parte de um pedido ReadProcessMemory ou WriteProcessMemory foi concluída. (0x12B)
[0902/134442.428:ERROR:process_memory_win.cc(73)] ReadMemory at 0x2e231d23c00 of 132 bytes failed: Somente uma parte de um pedido ReadProcessMemory ou WriteProcessMemory foi concluída. (0x12B)
[0902/134442.428:ERROR:process_memory_win.cc(73)] ReadMemory at 0x2e231d23d30 of 132 bytes failed: Somente uma parte de um pedido ReadProcessMemory ou WriteProcessMemory foi concluída. (0x12B)
[0902/134442.429:ERROR:process_memory_win.cc(73)] ReadMemory at 0x2e231d23f90 of 132 bytes failed: Somente uma parte de um pedido ReadProcessMemory ou WriteProcessMemory foi concluída. (0x12B)
[0902/134442.429:ERROR:process_memory_win.cc(73)] ReadMemory at 0x2e231d240c0 of 132 bytes failed: Somente uma parte de um pedido ReadProcessMemory ou WriteProcessMemory foi concluída. (0x12B)
[0902/134442.429:ERROR:process_memory_win.cc(73)] ReadMemory at 0x2e231d3cc90 of 78 bytes failed: Somente uma parte de um pedido ReadProcessMemory ou WriteProcessMemory foi concluída. (0x12B)
[0902/134442.429:ERROR:process_memory_win.cc(73)] ReadMemory at 0x2e231d50560 of 66 bytes failed: Somente uma parte de um pedido ReadProcessMemory ou WriteProcessMemory foi concluída. (0x12B)
[0902/134442.429:ERROR:process_memory_win.cc(73)] ReadMemory at 0x2e231d50600 of 62 bytes failed: Somente uma parte de um pedido ReadProcessMemory ou WriteProcessMemory foi concluída. (0x12B)
[0902/134442.429:ERROR:process_memory_win.cc(73)] ReadMemory at 0x2e231d506f0 of 64 bytes failed: Somente uma parte de um pedido ReadProcessMemory ou WriteProcessMemory foi concluída. (0x12B)
[0902/134442.429:ERROR:process_memory_win.cc(73)] ReadMemory at 0x2e231d50790 of 60 bytes failed: Somente uma parte de um pedido ReadProcessMemory ou WriteProcessMemory foi concluída. (0x12B)
[0902/134442.430:ERROR:process_memory_win.cc(73)] ReadMemory at 0x2e231d50b00 of 62 bytes failed: Somente uma parte de um pedido ReadProcessMemory ou WriteProcessMemory foi concluída. (0x12B)
[0902/134442.430:ERROR:process_memory_win.cc(73)] ReadMemory at 0x2e231d50bf0 of 58 bytes failed: Somente uma parte de um pedido ReadProcessMemory ou WriteProcessMemory foi concluída. (0x12B)
[0902/134442.430:ERROR:process_memory_win.cc(73)] ReadMemory at 0x2e231d50d80 of 62 bytes failed: Somente uma parte de um pedido ReadProcessMemory ou WriteProcessMemory foi concluída. (0x12B)
[0902/134442.430:ERROR:process_memory_win.cc(73)] ReadMemory at 0x2e231d50f60 of 58 bytes failed: Somente uma parte de um pedido ReadProcessMemory ou WriteProcessMemory foi concluída. (0x12B)
[0902/134442.430:ERROR:process_memory_win.cc(73)] ReadMemory at 0x2e231d510a0 of 60 bytes failed: Somente uma parte de um pedido ReadProcessMemory ou WriteProcessMemory foi concluída. (0x12B)
[0902/134442.430:ERROR:process_memory_win.cc(73)] ReadMemory at 0x2e231d51320 of 58 bytes failed: Somente uma parte de um pedido ReadProcessMemory ou WriteProcessMemory foi concluída. (0x12B)
[0902/134442.431:ERROR:process_memory_win.cc(73)] ReadMemory at 0x2e231d66160 of 512 bytes failed: Somente uma parte de um pedido ReadProcessMemory ou WriteProcessMemory foi concluída. (0x12B)
[0902/134442.431:ERROR:process_memory_win.cc(73)] ReadMemory at 0x2e231d80ac0 of 512 bytes failed: Somente uma parte de um pedido ReadProcessMemory ou WriteProcessMemory foi concluída. (0x12B)
[0902/134442.431:ERROR:process_memory_win.cc(73)] ReadMemory at 0x2e231d838b0 of 512 bytes failed: Somente uma parte de um pedido ReadProcessMemory ou WriteProcessMemory foi concluída. (0x12B)
[0902/134442.431:ERROR:process_memory_win.cc(73)] ReadMemory at 0x2e231d85980 of 512 bytes failed: Somente uma parte de um pedido ReadProcessMemory ou WriteProcessMemory foi concluída. (0x12B)
[0902/134442.432:ERROR:process_memory_win.cc(73)] ReadMemory at 0x2e231d89e10 of 512 bytes failed: Somente uma parte de um pedido ReadProcessMemory ou WriteProcessMemory foi concluída. (0x12B)
[0902/134442.432:ERROR:process_memory_win.cc(73)] ReadMemory at 0x2e231da3d50 of 512 bytes failed: Somente uma parte de um pedido ReadProcessMemory ou WriteProcessMemory foi concluída. (0x12B)
[0902/134442.432:ERROR:process_memory_win.cc(73)] ReadMemory at 0x2e231daa910 of 512 bytes failed: Somente uma parte de um pedido ReadProcessMemory ou WriteProcessMemory foi concluída. (0x12B)
[0902/134442.432:ERROR:process_memory_win.cc(73)] ReadMemory at 0x2e231db1000 of 712 bytes failed: Somente uma parte de um pedido ReadProcessMemory ou WriteProcessMemory foi concluída. (0x12B)
[0902/134442.432:ERROR:process_memory_win.cc(73)] ReadMemory at 0x2e231dc5068 of 512 bytes failed: Somente uma parte de um pedido ReadProcessMemory ou WriteProcessMemory foi concluída. (0x12B)
[0902/134442.432:ERROR:process_memory_win.cc(73)] ReadMemory at 0x2e231dce090 of 512 bytes failed: Somente uma parte de um pedido ReadProcessMemory ou WriteProcessMemory foi concluída. (0x12B)
[0902/134442.433:ERROR:process_memory_win.cc(73)] ReadMemory at 0x2e231dd4722 of 1090 bytes failed: Somente uma parte de um pedido ReadProcessMemory ou WriteProcessMemory foi concluída. (0x12B)
[0902/134442.433:ERROR:process_memory_win.cc(73)] ReadMemory at 0x2e231dfe9d0 of 512 bytes failed: Somente uma parte de um pedido ReadProcessMemory ou WriteProcessMemory foi concluída. (0x12B)
[0902/134442.433:ERROR:process_memory_win.cc(73)] ReadMemory at 0x2e231e013c0 of 512 bytes failed: Somente uma parte de um pedido ReadProcessMemory ou WriteProcessMemory foi concluída. (0x12B)
[0902/134442.433:ERROR:process_memory_win.cc(73)] ReadMemory at 0x2e231e02c80 of 512 bytes failed: Somente uma parte de um pedido ReadProcessMemory ou WriteProcessMemory foi concluída. (0x12B)
[0902/134442.433:ERROR:process_memory_win.cc(73)] ReadMemory at 0x2e233b96cb0 of 512 bytes failed: Somente uma parte de um pedido ReadProcessMemory ou WriteProcessMemory foi concluída. (0x12B)
[0902/134442.433:ERROR:process_memory_win.cc(73)] ReadMemory at 0x2e233b97a30 of 512 bytes failed: Somente uma parte de um pedido ReadProcessMemory ou WriteProcessMemory foi concluída. (0x12B)
[0902/134442.433:ERROR:process_memory_win.cc(73)] ReadMemory at 0x2e233bbf1d0 of 512 bytes failed: Somente uma parte de um pedido ReadProcessMemory ou WriteProcessMemory foi concluída. (0x12B)
[0902/134442.434:ERROR:process_memory_win.cc(73)] ReadMemory at 0x2e233bf6c30 of 512 bytes failed: Somente uma parte de um pedido ReadProcessMemory ou WriteProcessMemory foi concluída. (0x12B)
[0902/134442.434:ERROR:process_memory_win.cc(73)] ReadMemory at 0x444a9fe94168 of 512 bytes failed: Somente uma parte de um pedido ReadProcessMemory ou WriteProcessMemory foi concluída. (0x12B)
[0902/134442.434:ERROR:process_memory_win.cc(73)] ReadMemory at 0x7ffaee7dd6ad of 512 bytes failed: Somente uma parte de um pedido ReadProcessMemory ou WriteProcessMemory foi concluída. (0x12B)
[0902/134442.434:ERROR:process_memory_win.cc(73)] ReadMemory at 0x7ffaef9e5ab3 of 512 bytes failed: Somente uma parte de um pedido ReadProcessMemory ou WriteProcessMemory foi concluída. (0x12B)
[0902/134442.434:ERROR:process_memory_win.cc(73)] ReadMemory at 0x7ffaf4408ef0 of 512 bytes failed: Somente uma parte de um pedido ReadProcessMemory ou WriteProcessMemory foi concluída. (0x12B)
[0902/134442.434:ERROR:process_memory_win.cc(73)] ReadMemory at 0x7ffb307ac6d0 of 512 bytes failed: Somente uma parte de um pedido ReadProcessMemory ou WriteProcessMemory foi concluída. (0x12B)
[0902/134442.434:ERROR:process_memory_win.cc(73)] ReadMemory at 0x7ffb326a1f80 of 512 bytes failed: Somente uma parte de um pedido ReadProcessMemory ou WriteProcessMemory foi concluída. (0x12B)
[0902/134442.435:ERROR:process_memory_win.cc(73)] ReadMemory at 0x7ffb3355c074 of 672 bytes failed: Somente uma parte de um pedido ReadProcessMemory ou WriteProcessMemory foi concluída. (0x12B)
[0902/134442.435:ERROR:process_memory_win.cc(73)] ReadMemory at 0x7ffb3355c674 of 512 bytes failed: Somente uma parte de um pedido ReadProcessMemory ou WriteProcessMemory foi concluída. (0x12B)
[0902/134442.435:ERROR:process_memory_win.cc(73)] ReadMemory at 0x7ffb3355f924 of 608 bytes failed: Somente uma parte de um pedido ReadProcessMemory ou WriteProcessMemory foi concluída. (0x12B)
[0902/134442.435:ERROR:process_memory_win.cc(73)] ReadMemory at 0x7ffb335ec428 of 18 bytes failed: Somente uma parte de um pedido ReadProcessMemory ou WriteProcessMemory foi concluída. (0x12B)
[0902/134442.435:ERROR:process_memory_win.cc(73)] ReadMemory at 0x7ffb3361f4f8 of 40 bytes failed: Somente uma parte de um pedido ReadProcessMemory ou WriteProcessMemory foi concluída. (0x12B)
[0902/134442.436:ERROR:process_memory_win.cc(73)] ReadMemory at 0x7ffb3361f978 of 48 bytes failed: Somente uma parte de um pedido ReadProcessMemory ou WriteProcessMemory foi concluída. (0x12B)
[0902/134442.436:ERROR:process_memory_win.cc(73)] ReadMemory at 0x7ffb336253c0 of 64 bytes failed: Somente uma parte de um pedido ReadProcessMemory ou WriteProcessMemory foi concluída. (0x12B)
[0902/134442.439:ERROR:scoped_process_suspend.cc(40)] NtResumeProcess: Tentou-se acessar um processo de saída. (0xc000010a)
[0904/143654.109:ERROR:process_info.cc(329)] VirtualQueryEx: Acesso negado. (0x5)
[0904/143654.112:ERROR:process_info.cc(556)] ReadMemoryInfo failed
[0904/143654.112:ERROR:scoped_process_suspend.cc(40)] NtResumeProcess: Tentou-se acessar um processo de saída. (0xc000010a)
[0909/110900.023:ERROR:process_info.cc(329)] VirtualQueryEx: Acesso negado. (0x5)
[0909/110900.072:ERROR:process_info.cc(556)] ReadMemoryInfo failed
[0909/110900.072:ERROR:scoped_process_suspend.cc(40)] NtResumeProcess: Tentou-se acessar um processo de saída. (0xc000010a)
[0914/153015.275:ERROR:process_info.cc(329)] VirtualQueryEx: Acesso negado. (0x5)
[0914/153015.278:ERROR:process_info.cc(556)] ReadMemoryInfo failed
[0914/153015.279:ERROR:scoped_process_suspend.cc(40)] NtResumeProcess: Tentou-se acessar um processo de saída. (0xc000010a)
[0916/152106.748:ERROR:process_info.cc(329)] VirtualQueryEx: Acesso negado. (0x5)
[0916/152106.749:ERROR:process_info.cc(556)] ReadMemoryInfo failed
[0916/152106.749:ERROR:scoped_process_suspend.cc(40)] NtResumeProcess: Tentou-se acessar um processo de saída. (0xc000010a)
[1001/170235.914:ERROR:process_info.cc(329)] VirtualQueryEx: Acesso negado. (0x5)
[1001/170235.916:ERROR:process_info.cc(556)] ReadMemoryInfo failed
[1001/170235.916:ERROR:scoped_process_suspend.cc(40)] NtResumeProcess: Tentou-se acessar um processo de saída. (0xc000010a)
[1008/145541.354:ERROR:directory_reader_win.cc(43)] FindFirstFile: O sistema não pode encontrar o caminho especificado. (0x3)
[1008/150809.698:ERROR:directory_reader_win.cc(43)] FindFirstFile: O sistema não pode encontrar o caminho especificado. (0x3)
[1013/112739.048:ERROR:directory_reader_win.cc(43)] FindFirstFile: O sistema não pode encontrar o caminho especificado. (0x3)
[1013/120210.958:ERROR:directory_reader_win.cc(43)] FindFirstFile: O sistema não pode encontrar o caminho especificado. (0x3)
[1013/132050.989:ERROR:directory_reader_win.cc(43)] FindFirstFile: O sistema não pode encontrar o caminho especificado. (0x3)
[1013/153651.699:ERROR:directory_reader_win.cc(43)] FindFirstFile: O sistema não pode encontrar o caminho especificado. (0x3)
[1014/110204.883:ERROR:directory_reader_win.cc(43)] FindFirstFile: O sistema não pode encontrar o caminho especificado. (0x3)
[1014/111532.485:ERROR:directory_reader_win.cc(43)] FindFirstFile: O sistema não pode encontrar o caminho especificado. (0x3)
[1014/113559.766:ERROR:directory_reader_win.cc(43)] FindFirstFile: O sistema não pode encontrar o caminho especificado. (0x3)
[1014/134731.247:ERROR:directory_reader_win.cc(43)] FindFirstFile: O sistema não pode encontrar o caminho especificado. (0x3)
[1016/110517.345:ERROR:directory_reader_win.cc(43)] FindFirstFile: O sistema não pode encontrar o caminho especificado. (0x3)
[1016/180038.849:ERROR:directory_reader_win.cc(43)] FindFirstFile: O sistema não pode encontrar o caminho especificado. (0x3)
[1019/164826.737:ERROR:directory_reader_win.cc(43)] FindFirstFile: O sistema não pode encontrar o caminho especificado. (0x3)
[1020/144657.395:ERROR:directory_reader_win.cc(43)] FindFirstFile: O sistema não pode encontrar o caminho especificado. (0x3)
[1020/150028.197:ERROR:directory_reader_win.cc(43)] FindFirstFile: O sistema não pode encontrar o caminho especificado. (0x3)
[1029/154514.774:ERROR:directory_reader_win.cc(43)] FindFirstFile: O sistema não pode encontrar o caminho especificado. (0x3)
[1105/142310.912:ERROR:directory_reader_win.cc(43)] FindFirstFile: O sistema não pode encontrar o caminho especificado. (0x3)
[1105/154101.601:ERROR:directory_reader_win.cc(43)] FindFirstFile: O sistema não pode encontrar o caminho especificado. (0x3)
[1105/164901.530:ERROR:directory_reader_win.cc(43)] FindFirstFile: O sistema não pode encontrar o caminho especificado. (0x3)
[1106/095140.129:ERROR:directory_reader_win.cc(43)] FindFirstFile: O sistema não pode encontrar o caminho especificado. (0x3)
[1113/173410.651:ERROR:directory_reader_win.cc(43)] FindFirstFile: O sistema não pode encontrar o caminho especificado. (0x3)
[1113/180826.307:ERROR:directory_reader_win.cc(43)] FindFirstFile: O sistema não pode encontrar o caminho especificado. (0x3)
[1119/105041.407:ERROR:directory_reader_win.cc(43)] FindFirstFile: O sistema não pode encontrar o caminho especificado. (0x3)
[1119/160636.778:ERROR:directory_reader_win.cc(43)] FindFirstFile: O sistema não pode encontrar o caminho especificado. (0x3)
[1125/114059.695:ERROR:directory_reader_win.cc(43)] FindFirstFile: O sistema não pode encontrar o caminho especificado. (0x3)
[1125/134317.843:ERROR:directory_reader_win.cc(43)] FindFirstFile: O sistema não pode encontrar o caminho especificado. (0x3)
[1125/163130.884:ERROR:directory_reader_win.cc(43)] FindFirstFile: O sistema não pode encontrar o caminho especificado. (0x3)
[1125/175556.345:ERROR:directory_reader_win.cc(43)] FindFirstFile: O sistema não pode encontrar o caminho especificado. (0x3)
[1126/110000.668:ERROR:directory_reader_win.cc(43)] FindFirstFile: O sistema não pode encontrar o caminho especificado. (0x3)
[1126/111849.048:ERROR:directory_reader_win.cc(43)] FindFirstFile: O sistema não pode encontrar o caminho especificado. (0x3)
[1126/115141.618:ERROR:directory_reader_win.cc(43)] FindFirstFile: O sistema não pode encontrar o caminho especificado. (0x3)
[1126/141943.910:ERROR:directory_reader_win.cc(43)] FindFirstFile: O sistema não pode encontrar o caminho especificado. (0x3)
[1127/142415.158:ERROR:directory_reader_win.cc(43)] FindFirstFile: O sistema não pode encontrar o caminho especificado. (0x3)
[1127/144206.970:ERROR:directory_reader_win.cc(43)] FindFirstFile: O sistema não pode encontrar o caminho especificado. (0x3)
[1127/171538.951:ERROR:directory_reader_win.cc(43)] FindFirstFile: O sistema não pode encontrar o caminho especificado. (0x3)
[1215/141316.221:ERROR:directory_reader_win.cc(43)] FindFirstFile: O sistema não pode encontrar o caminho especificado. (0x3)
[1215/143003.764:ERROR:directory_reader_win.cc(43)] FindFirstFile: O sistema não pode encontrar o caminho especificado. (0x3)
[1215/144530.047:ERROR:directory_reader_win.cc(43)] FindFirstFile: O sistema não pode encontrar o caminho especificado. (0x3)
[1215/150418.754:ERROR:directory_reader_win.cc(43)] FindFirstFile: O sistema não pode encontrar o caminho especificado. (0x3)
[1216/152144.487:ERROR:directory_reader_win.cc(43)] FindFirstFile: O sistema não pode encontrar o caminho especificado. (0x3)
[1221/175330.917:ERROR:directory_reader_win.cc(43)] FindFirstFile: O sistema não pode encontrar o caminho especificado. (0x3)
[1222/101338.432:ERROR:directory_reader_win.cc(43)] FindFirstFile: O sistema não pode encontrar o caminho especificado. (0x3)
[0125/162422.548:ERROR:directory_reader_win.cc(43)] FindFirstFile: O sistema não pode encontrar o caminho especificado. (0x3)
[0125/170426.834:ERROR:directory_reader_win.cc(43)] FindFirstFile: O sistema não pode encontrar o caminho especificado. (0x3)
[0125/175943.950:ERROR:directory_reader_win.cc(43)] FindFirstFile: O sistema não pode encontrar o caminho especificado. (0x3)
